Программа для синтаксического анализа кода конфигурации 1С
для работы необходимо указать путь к выгруженным файлам конфигурации
Иначе будут проверены все локальные файлы
Пока
Index=49, Groups=2, Captures=1
Пока
Пока В  Цикл
	ыборка = Запрос.Выполнить().Выбрать();
	
	Возврат ТабДокумент;
	КонецЦикла
Для
Index=597, Groups=2, Captures=1
Для
Для Ном = 1 по 3 Цикл
		Если Ном <= Выборка["СчетМеждународный"].ВидыСубконто.Количество() Тогда
			Тип = Выборка.Выполнить().СчетМеждународный.ВидыСубконто[Ном-1].ВидСубконто.ТипЗначения.Типы();
			
			Если НЕ ЗначениеЗаполнено(Выборка["СубконтоМежд"+Ном]) Тогда
				// Заполняем значением из исходной проводки (если совпадают типы)
				Если Тип[0] = ТипЗнч(Субконто1) Тогда
					Структура["Субконто"+Ном] = Субконто1;
				ИначеЕсли Тип[0] = ТипЗнч(Субконто2) Тогда
					Структура["Субконто"+Ном] = Субконто2;
				ИначеЕсли Тип[0] = ТипЗнч(Субконто3) Тогда
					Структура["Субконто"+Ном] = Субконто3;
				КонецЕсли;
			Иначе
				// Заполняем как указано в соответствиях
				Структура["Субконто"+Ном] = Выборка["СубконтоМежд"+Ном];
			КонецЕсли;
		КонецЕсли;
	КонецЦикла
Пока
Пока
